insert 2:
Max now is 2
Now whole queue contains: 2 

insert 30:
Max now is 30
Now whole queue contains: 30 2 

insert 4:
Max now is 30
Now whole queue contains: 30 2 4 

insert 9:
Max now is 30
Now whole queue contains: 30 9 4 2 

insert 23:
Max now is 30
Now whole queue contains: 30 23 4 2 9 

insert 5:
Max now is 30
Now whole queue contains: 30 23 5 2 9 4 

insert 6:
Max now is 30
Now whole queue contains: 30 23 6 2 9 4 5 

insert 7:
Max now is 30
Now whole queue contains: 30 23 6 7 9 4 5 2 

insert 10:
Max now is 30
Now whole queue contains: 30 23 6 10 9 4 5 2 7 

insert 12:
Max now is 30
Now whole queue contains: 30 23 6 10 12 4 5 2 7 9 

insert 19:
Max now is 30
Now whole queue contains: 30 23 6 10 19 4 5 2 7 9 12 

insert 8:
Max now is 30
Now whole queue contains: 30 23 8 10 19 6 5 2 7 9 12 4 

insert 1:
Max now is 30
Now whole queue contains: 30 23 8 10 19 6 5 2 7 9 12 4 1 

insert 17:
Max now is 30
Now whole queue contains: 30 23 17 10 19 6 8 2 7 9 12 4 1 5 

insert 23:
Max now is 30
Now whole queue contains: 30 23 23 10 19 6 17 2 7 9 12 4 1 5 8 

insert 29:
Max now is 30
Now whole queue contains: 30 29 23 23 19 6 17 10 7 9 12 4 1 5 8 2 

increase 12 to 18:
Max now is 30
Now whole queue contains: 30 29 23 23 19 6 17 10 7 9 18 4 1 5 8 2 

increase 2 to 14:
Max now is 30
Now whole queue contains: 30 29 23 23 19 6 17 14 7 9 18 4 1 5 8 10 
