Veriwell version 2.8.7, 
Copyright (C) 1993-2008 Elliot Mednick and Mark Hummel

Veriwell comes with ABSOLUTELY NO WARRANTY; This is free
software, and you are welcome to redistribute it under the
terms of the GNU General Public License as published by
the Free Software Foundation; either version 2 of the License,
or (at your option) any later version. 

lxt  support compiled in
lxt2 support compiled in

Entering Phase I...
Compiling source file : im2.v
Compiling source file : mipsl-singlecycle.v
Compiling source file : mips-parts.v
Compiling source file : testbenchhw10-stage3.v
Compiling source file : mipsl-control.v
Compiling source file : mipsl-pc.v

Entering Phase II...
testbenchhw10-stage3.v: L39: warning: Too few instance ports
Entering Phase III...
1 warning in compilation
No errors in compilation
Top-level modules:
   MUX4
   SignExt
   testbenchMIPSL_Single

Instruction[pc]=[opcode,reg,reg,reg,funct]

DataMemory[addr]=[read data, write data]

Signals C-R-Sw-Disp[clock,reset,switch0,display]
* Recall data memory addr = ALU output

Instr[    x]=[000,000,000,000,0000] DataMem[0000]=[0000000000000000,0000000000000000] C-R-Sw0-Dsp[0,0,1,xxxxxxx]
Instr[    x]=[000,000,000,000,0000] DataMem[0000]=[0000000000000000,0000000000000000] C-R-Sw0-Dsp[1,0,1,xxxxxxx]
Instr[    x]=[000,000,000,000,0000] DataMem[0000]=[0000000000000000,0000000000000000] C-R-Sw0-Dsp[0,1,1,xxxxxxx]
Instr[    0]=[110,000,011,111,0000] DataMem[fff0]=[0000000000000000,xxxxxxxxxxxxxxxx] C-R-Sw0-Dsp[1,1,1,xxxxxxx]
Instr[    0]=[110,000,011,111,0000] DataMem[fff0]=[0000000000000000,xxxxxxxxxxxxxxxx] C-R-Sw0-Dsp[0,0,1,xxxxxxx]
Instr[    2]=[011,011,101,000,0000] DataMem[fff0]=[0000000000000001,xxxxxxxxxxxxxxxx] C-R-Sw0-Dsp[1,0,1,xxxxxxx]
Instr[    2]=[011,011,101,000,0000] DataMem[fff0]=[0000000000000001,xxxxxxxxxxxxxxxx] C-R-Sw0-Dsp[0,0,1,xxxxxxx]
Instr[    4]=[111,101,101,000,0001] DataMem[0001]=[0000000000000000,0000000000000001] C-R-Sw0-Dsp[1,0,1,xxxxxxx]
Instr[    4]=[111,101,101,000,0001] DataMem[0001]=[0000000000000000,0000000000000001] C-R-Sw0-Dsp[0,0,1,xxxxxxx]
Instr[    6]=[101,101,000,000,0010] DataMem[0001]=[0000000000000000,0000000000000000] C-R-Sw0-Dsp[1,0,1,xxxxxxx]
Instr[    6]=[101,101,000,000,0010] DataMem[0001]=[0000000000000000,0000000000000000] C-R-Sw0-Dsp[0,0,1,xxxxxxx]
Instr[    8]=[110,000,100,011,0000] DataMem[0030]=[0000000000000000,xxxxxxxxxxxxxxxx] C-R-Sw0-Dsp[1,0,1,xxxxxxx]
Instr[    8]=[110,000,100,011,0000] DataMem[0030]=[0000000000000000,xxxxxxxxxxxxxxxx] C-R-Sw0-Dsp[0,0,1,xxxxxxx]
Instr[   10]=[101,000,000,000,0001] DataMem[0000]=[0000000000000000,0000000000000000] C-R-Sw0-Dsp[1,0,1,xxxxxxx]
Instr[   10]=[101,000,000,000,0001] DataMem[0000]=[0000000000000000,0000000000000000] C-R-Sw0-Dsp[0,0,1,xxxxxxx]
Instr[   14]=[100,011,100,000,1010] DataMem[fffa]=[0000000000000000,0000000000110000] C-R-Sw0-Dsp[1,0,1,xxxxxxx]
Instr[   14]=[100,011,100,000,1010] DataMem[fffa]=[0000000000000000,0000000000110000] C-R-Sw0-Dsp[0,0,1,xxxxxxx]
Instr[   16]=[101,000,000,111,0111] DataMem[0000]=[0000000000000000,0000000000000000] C-R-Sw0-Dsp[1,0,1,0110000]
Instr[   16]=[101,000,000,111,0111] DataMem[0000]=[0000000000000000,0000000000000000] C-R-Sw0-Dsp[0,0,1,0110000]
Instr[    0]=[110,000,011,111,0000] DataMem[fff0]=[0000000000000000,1111111111110000] C-R-Sw0-Dsp[1,0,1,0110000]
Instr[    0]=[110,000,011,111,0000] DataMem[fff0]=[0000000000000000,1111111111110000] C-R-Sw0-Dsp[0,0,1,0110000]
Instr[    2]=[011,011,101,000,0000] DataMem[fff0]=[0000000000000001,0000000000000001] C-R-Sw0-Dsp[1,0,1,0110000]
Instr[    2]=[011,011,101,000,0000] DataMem[fff0]=[0000000000000001,0000000000000001] C-R-Sw0-Dsp[0,0,1,0110000]
Instr[    4]=[111,101,101,000,0001] DataMem[0001]=[0000000000000000,0000000000000001] C-R-Sw0-Dsp[1,0,1,0110000]
Instr[    4]=[111,101,101,000,0001] DataMem[0001]=[0000000000000000,0000000000000001] C-R-Sw0-Dsp[0,0,1,0110000]
Instr[    6]=[101,101,000,000,0010] DataMem[0001]=[0000000000000000,0000000000000000] C-R-Sw0-Dsp[1,0,1,0110000]
Instr[    6]=[101,101,000,000,0010] DataMem[0001]=[0000000000000000,0000000000000000] C-R-Sw0-Dsp[0,0,1,0110000]
Instr[    8]=[110,000,100,011,0000] DataMem[0030]=[0000000000000000,0000000000110000] C-R-Sw0-Dsp[1,0,1,0110000]
Instr[    8]=[110,000,100,011,0000] DataMem[0030]=[0000000000000000,0000000000110000] C-R-Sw0-Dsp[0,0,1,0110000]
Instr[   10]=[101,000,000,000,0001] DataMem[0000]=[0000000000000000,0000000000000000] C-R-Sw0-Dsp[1,0,1,0110000]
Instr[   10]=[101,000,000,000,0001] DataMem[0000]=[0000000000000000,0000000000000000] C-R-Sw0-Dsp[0,0,1,0110000]
Instr[   14]=[100,011,100,000,1010] DataMem[fffa]=[0000000000000000,0000000000110000] C-R-Sw0-Dsp[1,0,1,0110000]
Instr[   14]=[100,011,100,000,1010] DataMem[fffa]=[0000000000000000,0000000000110000] C-R-Sw0-Dsp[0,0,1,0110000]
Instr[   16]=[101,000,000,111,0111] DataMem[0000]=[0000000000000000,0000000000000000] C-R-Sw0-Dsp[1,0,1,0110000]
Instr[   16]=[101,000,000,111,0111] DataMem[0000]=[0000000000000000,0000000000000000] C-R-Sw0-Dsp[0,0,1,0110000]
Instr[    0]=[110,000,011,111,0000] DataMem[fff0]=[0000000000000000,1111111111110000] C-R-Sw0-Dsp[1,0,1,0110000]
Instr[    0]=[110,000,011,111,0000] DataMem[fff0]=[0000000000000000,1111111111110000] C-R-Sw0-Dsp[0,0,1,0110000]
Instr[    2]=[011,011,101,000,0000] DataMem[fff0]=[0000000000000001,0000000000000001] C-R-Sw0-Dsp[1,0,1,0110000]
Instr[    2]=[011,011,101,000,0000] DataMem[fff0]=[0000000000000001,0000000000000001] C-R-Sw0-Dsp[0,0,1,0110000]
Instr[    4]=[111,101,101,000,0001] DataMem[0001]=[0000000000000000,0000000000000001] C-R-Sw0-Dsp[1,0,1,0110000]
Instr[    4]=[111,101,101,000,0001] DataMem[0001]=[0000000000000000,0000000000000001] C-R-Sw0-Dsp[0,0,1,0110000]
Instr[    6]=[101,101,000,000,0010] DataMem[0001]=[0000000000000000,0000000000000000] C-R-Sw0-Dsp[1,0,1,0110000]
Instr[    6]=[101,101,000,000,0010] DataMem[0001]=[0000000000000000,0000000000000000] C-R-Sw0-Dsp[0,0,1,0110000]
Instr[    8]=[110,000,100,011,0000] DataMem[0030]=[0000000000000000,0000000000110000] C-R-Sw0-Dsp[1,0,1,0110000]
Instr[    8]=[110,000,100,011,0000] DataMem[0030]=[0000000000000000,0000000000110000] C-R-Sw0-Dsp[0,0,1,0110000]
Instr[   10]=[101,000,000,000,0001] DataMem[0000]=[0000000000000000,0000000000000000] C-R-Sw0-Dsp[1,0,1,0110000]
Instr[   10]=[101,000,000,000,0001] DataMem[0000]=[0000000000000000,0000000000000000] C-R-Sw0-Dsp[0,0,1,0110000]
Instr[   14]=[100,011,100,000,1010] DataMem[fffa]=[0000000000000000,0000000000110000] C-R-Sw0-Dsp[1,0,1,0110000]
Instr[   14]=[100,011,100,000,1010] DataMem[fffa]=[0000000000000000,0000000000110000] C-R-Sw0-Dsp[0,0,1,0110000]
Instr[   16]=[101,000,000,111,0111] DataMem[0000]=[0000000000000000,0000000000000000] C-R-Sw0-Dsp[1,0,1,0110000]
Instr[   16]=[101,000,000,111,0111] DataMem[0000]=[0000000000000000,0000000000000000] C-R-Sw0-Dsp[0,0,1,0110000]
Instr[    0]=[110,000,011,111,0000] DataMem[fff0]=[0000000000000000,1111111111110000] C-R-Sw0-Dsp[1,0,1,0110000]
Instr[    0]=[110,000,011,111,0000] DataMem[fff0]=[0000000000000000,1111111111110000] C-R-Sw0-Dsp[0,0,1,0110000]
Instr[    2]=[011,011,101,000,0000] DataMem[fff0]=[0000000000000001,0000000000000001] C-R-Sw0-Dsp[1,0,1,0110000]
Instr[    2]=[011,011,101,000,0000] DataMem[fff0]=[0000000000000000,0000000000000001] C-R-Sw0-Dsp[0,0,0,0110000]
Instr[    4]=[111,101,101,000,0001] DataMem[0000]=[0000000000000000,0000000000000000] C-R-Sw0-Dsp[1,0,0,0110000]
Instr[    4]=[111,101,101,000,0001] DataMem[0000]=[0000000000000000,0000000000000000] C-R-Sw0-Dsp[0,0,0,0110000]
Instr[    6]=[101,101,000,000,0010] DataMem[0000]=[0000000000000000,0000000000000000] C-R-Sw0-Dsp[1,0,0,0110000]
Instr[    6]=[101,101,000,000,0010] DataMem[0000]=[0000000000000000,0000000000000000] C-R-Sw0-Dsp[0,0,0,0110000]
Instr[   12]=[110,000,100,111,1110] DataMem[fffe]=[0000000000000000,0000000000110000] C-R-Sw0-Dsp[1,0,0,0110000]
Instr[   12]=[110,000,100,111,1110] DataMem[fffe]=[0000000000000000,0000000000110000] C-R-Sw0-Dsp[0,0,0,0110000]
Instr[   14]=[100,011,100,000,1010] DataMem[fffa]=[0000000000000000,1111111111111110] C-R-Sw0-Dsp[1,0,0,0110000]
Instr[   14]=[100,011,100,000,1010] DataMem[fffa]=[0000000000000000,1111111111111110] C-R-Sw0-Dsp[0,0,0,0110000]
Instr[   16]=[101,000,000,111,0111] DataMem[0000]=[0000000000000000,0000000000000000] C-R-Sw0-Dsp[1,0,0,1111110]
Instr[   16]=[101,000,000,111,0111] DataMem[0000]=[0000000000000000,0000000000000000] C-R-Sw0-Dsp[0,0,0,1111110]
Instr[    0]=[110,000,011,111,0000] DataMem[fff0]=[0000000000000000,1111111111110000] C-R-Sw0-Dsp[1,0,0,1111110]
Instr[    0]=[110,000,011,111,0000] DataMem[fff0]=[0000000000000000,1111111111110000] C-R-Sw0-Dsp[0,0,0,1111110]
Instr[    2]=[011,011,101,000,0000] DataMem[fff0]=[0000000000000000,0000000000000000] C-R-Sw0-Dsp[1,0,0,1111110]
Instr[    2]=[011,011,101,000,0000] DataMem[fff0]=[0000000000000000,0000000000000000] C-R-Sw0-Dsp[0,0,0,1111110]
Instr[    4]=[111,101,101,000,0001] DataMem[0000]=[0000000000000000,0000000000000000] C-R-Sw0-Dsp[1,0,0,1111110]
Instr[    4]=[111,101,101,000,0001] DataMem[0000]=[0000000000000000,0000000000000000] C-R-Sw0-Dsp[0,0,0,1111110]
Instr[    6]=[101,101,000,000,0010] DataMem[0000]=[0000000000000000,0000000000000000] C-R-Sw0-Dsp[1,0,0,1111110]
Instr[    6]=[101,101,000,000,0010] DataMem[0000]=[0000000000000000,0000000000000000] C-R-Sw0-Dsp[0,0,0,1111110]
Instr[   12]=[110,000,100,111,1110] DataMem[fffe]=[0000000000000000,1111111111111110] C-R-Sw0-Dsp[1,0,0,1111110]
Instr[   12]=[110,000,100,111,1110] DataMem[fffe]=[0000000000000000,1111111111111110] C-R-Sw0-Dsp[0,0,0,1111110]
Instr[   14]=[100,011,100,000,1010] DataMem[fffa]=[0000000000000000,1111111111111110] C-R-Sw0-Dsp[1,0,0,1111110]
Instr[   14]=[100,011,100,000,1010] DataMem[fffa]=[0000000000000000,1111111111111110] C-R-Sw0-Dsp[0,0,0,1111110]
Instr[   16]=[101,000,000,111,0111] DataMem[0000]=[0000000000000000,0000000000000000] C-R-Sw0-Dsp[1,0,0,1111110]
Instr[   16]=[101,000,000,111,0111] DataMem[0000]=[0000000000000000,0000000000000000] C-R-Sw0-Dsp[0,0,0,1111110]
Instr[    0]=[110,000,011,111,0000] DataMem[fff0]=[0000000000000000,1111111111110000] C-R-Sw0-Dsp[1,0,0,1111110]
Instr[    0]=[110,000,011,111,0000] DataMem[fff0]=[0000000000000000,1111111111110000] C-R-Sw0-Dsp[0,0,0,1111110]
Instr[    2]=[011,011,101,000,0000] DataMem[fff0]=[0000000000000000,0000000000000000] C-R-Sw0-Dsp[1,0,0,1111110]
Instr[    2]=[011,011,101,000,0000] DataMem[fff0]=[0000000000000000,0000000000000000] C-R-Sw0-Dsp[0,0,0,1111110]
Instr[    4]=[111,101,101,000,0001] DataMem[0000]=[0000000000000000,0000000000000000] C-R-Sw0-Dsp[1,0,0,1111110]
Instr[    4]=[111,101,101,000,0001] DataMem[0000]=[0000000000000000,0000000000000000] C-R-Sw0-Dsp[0,0,0,1111110]
Instr[    6]=[101,101,000,000,0010] DataMem[0000]=[0000000000000000,0000000000000000] C-R-Sw0-Dsp[1,0,0,1111110]
Instr[    6]=[101,101,000,000,0010] DataMem[0000]=[0000000000000000,0000000000000000] C-R-Sw0-Dsp[0,0,0,1111110]
Instr[   12]=[110,000,100,111,1110] DataMem[fffe]=[0000000000000000,1111111111111110] C-R-Sw0-Dsp[1,0,0,1111110]
Instr[   12]=[110,000,100,111,1110] DataMem[fffe]=[0000000000000000,1111111111111110] C-R-Sw0-Dsp[0,0,0,1111110]
Instr[   14]=[100,011,100,000,1010] DataMem[fffa]=[0000000000000000,1111111111111110] C-R-Sw0-Dsp[1,0,0,1111110]
Instr[   14]=[100,011,100,000,1010] DataMem[fffa]=[0000000000000000,1111111111111110] C-R-Sw0-Dsp[0,0,0,1111110]
Instr[   16]=[101,000,000,111,0111] DataMem[0000]=[0000000000000000,0000000000000000] C-R-Sw0-Dsp[1,0,0,1111110]
Instr[   16]=[101,000,000,111,0111] DataMem[0000]=[0000000000000000,0000000000000000] C-R-Sw0-Dsp[0,0,0,1111110]
Instr[    0]=[110,000,011,111,0000] DataMem[fff0]=[0000000000000000,1111111111110000] C-R-Sw0-Dsp[1,0,0,1111110]
Instr[    0]=[110,000,011,111,0000] DataMem[fff0]=[0000000000000000,1111111111110000] C-R-Sw0-Dsp[0,0,0,1111110]
Instr[    2]=[011,011,101,000,0000] DataMem[fff0]=[0000000000000000,0000000000000000] C-R-Sw0-Dsp[1,0,0,1111110]
Instr[    2]=[011,011,101,000,0000] DataMem[fff0]=[0000000000000000,0000000000000000] C-R-Sw0-Dsp[0,0,0,1111110]
Instr[    4]=[111,101,101,000,0001] DataMem[0000]=[0000000000000000,0000000000000000] C-R-Sw0-Dsp[1,0,0,1111110]
Instr[    4]=[111,101,101,000,0001] DataMem[0000]=[0000000000000000,0000000000000000] C-R-Sw0-Dsp[0,0,0,1111110]
Instr[    6]=[101,101,000,000,0010] DataMem[0000]=[0000000000000000,0000000000000000] C-R-Sw0-Dsp[1,0,0,1111110]
Instr[    6]=[101,101,000,000,0010] DataMem[0000]=[0000000000000000,0000000000000000] C-R-Sw0-Dsp[0,0,0,1111110]
Instr[   12]=[110,000,100,111,1110] DataMem[fffe]=[0000000000000000,1111111111111110] C-R-Sw0-Dsp[1,0,0,1111110]
Instr[   12]=[110,000,100,111,1110] DataMem[fffe]=[0000000000000000,1111111111111110] C-R-Sw0-Dsp[0,0,0,1111110]
Instr[   14]=[100,011,100,000,1010] DataMem[fffa]=[0000000000000000,1111111111111110] C-R-Sw0-Dsp[1,0,0,1111110]
Exiting Veriwell at time 104
0 Errors, 1 Warning, Compile time = 0.0, Load time = 0.0, Simulation time = 0.0

Normal exit
Thank you for using Veriwell
