
input[0000000000000100, 0000000000000000, 0000000000000010, 0000000000000001]

ALU = ADD
Mux2(Select,Output),Mux4(Select,Output), ALU(Select,Output,zero)

Mux2(0,0000000000000100) Mux4(00,0000000000000100) ALU(000,0000000000000100,0)
ALU = Subtract
Mux2(1,0000000000000000) Mux4(01,0000000000000000) ALU(001,0000000000000100,0)
ALU = Pass through ALU input 1
Mux2(1,0000000000000000) Mux4(10,0000000000000010) ALU(010,0000000000000000,1)
ALU = OR
Mux2(1,0000000000000000) Mux4(11,0000000000000001) ALU(011,0000000000000100,0)
ALU = AND
Mux2(1,0000000000000000) Mux4(11,0000000000000001) ALU(100,0000000000000000,1)

input[0000000000000100, 0000000000000111, 0000000000000010, 0000000000000001]

ALU = ADD
Mux2(0,0000000000000100) Mux4(01,0000000000000111) ALU(000,0000000000001011,0)
ALU = SUB
Mux2(0,0000000000000100) Mux4(01,0000000000000111) ALU(001,1111111111111101,0)
ALU = Pass through input 1
Mux2(0,0000000000000100) Mux4(01,0000000000000111) ALU(010,0000000000000111,0)
ALU = OR
Mux2(0,0000000000000100) Mux4(01,0000000000000111) ALU(011,0000000000000111,0)
ALU = AND
Mux2(0,0000000000000100) Mux4(01,0000000000000111) ALU(100,0000000000000100,0)
