veriwell testbench-LEGLiteSingle-Stage3.V LEGLite-PC.V LEGLite-Parts.V LEGLite-Single.V LEGLite-Control.V IM2.V


Veriwell version 2.8.7, 
Copyright (C) 1993-2008 Elliot Mednick and Mark Hummel

Veriwell comes with ABSOLUTELY NO WARRANTY; This is free
software, and you are welcome to redistribute it under the
terms of the GNU General Public License as published by
the Free Software Foundation; either version 2 of the License,
or (at your option) any later version. 

lxt  support compiled in
lxt2 support compiled in

Entering Phase I...
Compiling source file : testbench-LEGLiteSingle-Stage3.V
Compiling source file : LEGLite-PC.V
Compiling source file : LEGLite-Parts.V
Compiling source file : LEGLite-Single.V
Compiling source file : LEGLite-Control.V
Compiling source file : IM2.V

Entering Phase II...
Entering Phase III...
No errors in compilation
Top-level modules:
   testbenchLEGLiteSingle
   MUX4

Instruction[pc]=[opcode,reg,reg,reg,funct]

DataMemory[addr]=[read data, write data]

Signals C-R-Sw-Disp[clock,reset,switch0,display]
* Recall data memory addr = ALU output

Instr[    x]=[000,000,0000,000,000] DataMem[xxxx]=[0000000000000000,xxxxxxxxxxxxxxxx] C-R-Sw0-Dsp[0,0,1,xxxxxxx]
Instr[    x]=[000,000,0000,000,000] DataMem[xxxx]=[0000000000000000,xxxxxxxxxxxxxxxx] C-R-Sw0-Dsp[1,0,1,xxxxxxx]
Instr[    x]=[000,000,0000,000,000] DataMem[xxxx]=[0000000000000000,xxxxxxxxxxxxxxxx] C-R-Sw0-Dsp[0,1,1,xxxxxxx]
Instr[    0]=[110,111,0000,111,011] DataMem[fff0]=[0000000000000000,0000000000000000] C-R-Sw0-Dsp[1,1,1,xxxxxxx]
Instr[    0]=[110,111,0000,111,011] DataMem[fff0]=[0000000000000000,0000000000000000] C-R-Sw0-Dsp[0,0,1,xxxxxxx]
Instr[    2]=[011,000,0000,011,101] DataMem[fff0]=[0000000000000001,xxxxxxxxxxxxxxxx] C-R-Sw0-Dsp[1,0,1,xxxxxxx]
Instr[    2]=[011,000,0000,011,101] DataMem[fff0]=[0000000000000001,xxxxxxxxxxxxxxxx] C-R-Sw0-Dsp[0,0,1,xxxxxxx]
Instr[    4]=[111,000,0001,101,101] DataMem[0001]=[0000000000000000,0000000000000001] C-R-Sw0-Dsp[1,0,1,xxxxxxx]
Instr[    4]=[111,000,0001,101,101] DataMem[0001]=[0000000000000000,0000000000000001] C-R-Sw0-Dsp[0,0,1,xxxxxxx]
Instr[    6]=[101,000,0011,000,101] DataMem[0001]=[0000000000000000,0000000000000001] C-R-Sw0-Dsp[1,0,1,xxxxxxx]
Instr[    6]=[101,000,0011,000,101] DataMem[0001]=[0000000000000000,0000000000000001] C-R-Sw0-Dsp[0,0,1,xxxxxxx]
Instr[    8]=[110,011,0000,111,100] DataMem[0030]=[0000000000000000,1111111111110000] C-R-Sw0-Dsp[1,0,1,xxxxxxx]
Instr[    8]=[110,011,0000,111,100] DataMem[0030]=[0000000000000000,1111111111110000] C-R-Sw0-Dsp[0,0,1,xxxxxxx]
Instr[   10]=[101,000,0010,000,111] DataMem[0000]=[0000000000000000,0000000000000000] C-R-Sw0-Dsp[1,0,1,xxxxxxx]
Instr[   10]=[101,000,0010,000,111] DataMem[0000]=[0000000000000000,0000000000000000] C-R-Sw0-Dsp[0,0,1,xxxxxxx]
Instr[   14]=[100,000,1010,011,100] DataMem[fffa]=[0000000000000000,0000000000110000] C-R-Sw0-Dsp[1,0,1,xxxxxxx]
Instr[   14]=[100,000,1010,011,100] DataMem[fffa]=[0000000000000000,0000000000110000] C-R-Sw0-Dsp[0,0,1,xxxxxxx]
Instr[   16]=[101,111,1000,000,111] DataMem[0000]=[0000000000000000,0000000000000000] C-R-Sw0-Dsp[1,0,1,0110000]
Instr[   16]=[101,111,1000,000,111] DataMem[0000]=[0000000000000000,0000000000000000] C-R-Sw0-Dsp[0,0,1,0110000]
Instr[    0]=[110,111,0000,111,011] DataMem[fff0]=[0000000000000000,0000000000000000] C-R-Sw0-Dsp[1,0,1,0110000]
Instr[    0]=[110,111,0000,111,011] DataMem[fff0]=[0000000000000000,0000000000000000] C-R-Sw0-Dsp[0,0,1,0110000]
Instr[    2]=[011,000,0000,011,101] DataMem[fff0]=[0000000000000001,xxxxxxxxxxxxxxxx] C-R-Sw0-Dsp[1,0,1,0110000]
Instr[    2]=[011,000,0000,011,101] DataMem[fff0]=[0000000000000001,xxxxxxxxxxxxxxxx] C-R-Sw0-Dsp[0,0,1,0110000]
Instr[    4]=[111,000,0001,101,101] DataMem[0001]=[0000000000000000,0000000000000001] C-R-Sw0-Dsp[1,0,1,0110000]
Instr[    4]=[111,000,0001,101,101] DataMem[0001]=[0000000000000000,0000000000000001] C-R-Sw0-Dsp[0,0,1,0110000]
Instr[    6]=[101,000,0011,000,101] DataMem[0001]=[0000000000000000,0000000000000001] C-R-Sw0-Dsp[1,0,1,0110000]
Instr[    6]=[101,000,0011,000,101] DataMem[0001]=[0000000000000000,0000000000000001] C-R-Sw0-Dsp[0,0,1,0110000]
Instr[    8]=[110,011,0000,111,100] DataMem[0030]=[0000000000000000,1111111111110000] C-R-Sw0-Dsp[1,0,1,0110000]
Instr[    8]=[110,011,0000,111,100] DataMem[0030]=[0000000000000000,1111111111110000] C-R-Sw0-Dsp[0,0,1,0110000]
Instr[   10]=[101,000,0010,000,111] DataMem[0000]=[0000000000000000,0000000000000000] C-R-Sw0-Dsp[1,0,1,0110000]
Instr[   10]=[101,000,0010,000,111] DataMem[0000]=[0000000000000000,0000000000000000] C-R-Sw0-Dsp[0,0,1,0110000]
Instr[   14]=[100,000,1010,011,100] DataMem[fffa]=[0000000000000000,0000000000110000] C-R-Sw0-Dsp[1,0,1,0110000]
Instr[   14]=[100,000,1010,011,100] DataMem[fffa]=[0000000000000000,0000000000110000] C-R-Sw0-Dsp[0,0,1,0110000]
Instr[   16]=[101,111,1000,000,111] DataMem[0000]=[0000000000000000,0000000000000000] C-R-Sw0-Dsp[1,0,1,0110000]
Instr[   16]=[101,111,1000,000,111] DataMem[0000]=[0000000000000000,0000000000000000] C-R-Sw0-Dsp[0,0,1,0110000]
Instr[    0]=[110,111,0000,111,011] DataMem[fff0]=[0000000000000000,0000000000000000] C-R-Sw0-Dsp[1,0,1,0110000]
Instr[    0]=[110,111,0000,111,011] DataMem[fff0]=[0000000000000000,0000000000000000] C-R-Sw0-Dsp[0,0,1,0110000]
Instr[    2]=[011,000,0000,011,101] DataMem[fff0]=[0000000000000001,xxxxxxxxxxxxxxxx] C-R-Sw0-Dsp[1,0,1,0110000]
Instr[    2]=[011,000,0000,011,101] DataMem[fff0]=[0000000000000001,xxxxxxxxxxxxxxxx] C-R-Sw0-Dsp[0,0,1,0110000]
Instr[    4]=[111,000,0001,101,101] DataMem[0001]=[0000000000000000,0000000000000001] C-R-Sw0-Dsp[1,0,1,0110000]
Instr[    4]=[111,000,0001,101,101] DataMem[0001]=[0000000000000000,0000000000000001] C-R-Sw0-Dsp[0,0,1,0110000]
Instr[    6]=[101,000,0011,000,101] DataMem[0001]=[0000000000000000,0000000000000001] C-R-Sw0-Dsp[1,0,1,0110000]
Instr[    6]=[101,000,0011,000,101] DataMem[0001]=[0000000000000000,0000000000000001] C-R-Sw0-Dsp[0,0,1,0110000]
Instr[    8]=[110,011,0000,111,100] DataMem[0030]=[0000000000000000,1111111111110000] C-R-Sw0-Dsp[1,0,1,0110000]
Instr[    8]=[110,011,0000,111,100] DataMem[0030]=[0000000000000000,1111111111110000] C-R-Sw0-Dsp[0,0,1,0110000]
Instr[   10]=[101,000,0010,000,111] DataMem[0000]=[0000000000000000,0000000000000000] C-R-Sw0-Dsp[1,0,1,0110000]
Instr[   10]=[101,000,0010,000,111] DataMem[0000]=[0000000000000000,0000000000000000] C-R-Sw0-Dsp[0,0,1,0110000]
Instr[   14]=[100,000,1010,011,100] DataMem[fffa]=[0000000000000000,0000000000110000] C-R-Sw0-Dsp[1,0,1,0110000]
Instr[   14]=[100,000,1010,011,100] DataMem[fffa]=[0000000000000000,0000000000110000] C-R-Sw0-Dsp[0,0,1,0110000]
Instr[   16]=[101,111,1000,000,111] DataMem[0000]=[0000000000000000,0000000000000000] C-R-Sw0-Dsp[1,0,1,0110000]
Instr[   16]=[101,111,1000,000,111] DataMem[0000]=[0000000000000000,0000000000000000] C-R-Sw0-Dsp[0,0,1,0110000]
Instr[    0]=[110,111,0000,111,011] DataMem[fff0]=[0000000000000000,0000000000000000] C-R-Sw0-Dsp[1,0,1,0110000]
Instr[    0]=[110,111,0000,111,011] DataMem[fff0]=[0000000000000000,0000000000000000] C-R-Sw0-Dsp[0,0,1,0110000]
Instr[    2]=[011,000,0000,011,101] DataMem[fff0]=[0000000000000001,xxxxxxxxxxxxxxxx] C-R-Sw0-Dsp[1,0,1,0110000]
Instr[    2]=[011,000,0000,011,101] DataMem[fff0]=[0000000000000000,xxxxxxxxxxxxxxxx] C-R-Sw0-Dsp[0,0,0,0110000]
Instr[    4]=[111,000,0001,101,101] DataMem[0000]=[0000000000000000,0000000000000000] C-R-Sw0-Dsp[1,0,0,0110000]
Instr[    4]=[111,000,0001,101,101] DataMem[0000]=[0000000000000000,0000000000000000] C-R-Sw0-Dsp[0,0,0,0110000]
Instr[    6]=[101,000,0011,000,101] DataMem[0000]=[0000000000000000,0000000000000000] C-R-Sw0-Dsp[1,0,0,0110000]
Instr[    6]=[101,000,0011,000,101] DataMem[0000]=[0000000000000000,0000000000000000] C-R-Sw0-Dsp[0,0,0,0110000]
Instr[   12]=[110,111,1110,111,100] DataMem[fffe]=[0000000000000000,0000000000000000] C-R-Sw0-Dsp[1,0,0,0110000]
Instr[   12]=[110,111,1110,111,100] DataMem[fffe]=[0000000000000000,0000000000000000] C-R-Sw0-Dsp[0,0,0,0110000]
Instr[   14]=[100,000,1010,011,100] DataMem[fffa]=[0000000000000000,1111111111111110] C-R-Sw0-Dsp[1,0,0,0110000]
Instr[   14]=[100,000,1010,011,100] DataMem[fffa]=[0000000000000000,1111111111111110] C-R-Sw0-Dsp[0,0,0,0110000]
Instr[   16]=[101,111,1000,000,111] DataMem[0000]=[0000000000000000,0000000000000000] C-R-Sw0-Dsp[1,0,0,1111110]
Instr[   16]=[101,111,1000,000,111] DataMem[0000]=[0000000000000000,0000000000000000] C-R-Sw0-Dsp[0,0,0,1111110]
Instr[    0]=[110,111,0000,111,011] DataMem[fff0]=[0000000000000000,0000000000000000] C-R-Sw0-Dsp[1,0,0,1111110]
Instr[    0]=[110,111,0000,111,011] DataMem[fff0]=[0000000000000000,0000000000000000] C-R-Sw0-Dsp[0,0,0,1111110]
Instr[    2]=[011,000,0000,011,101] DataMem[fff0]=[0000000000000000,xxxxxxxxxxxxxxxx] C-R-Sw0-Dsp[1,0,0,1111110]
Instr[    2]=[011,000,0000,011,101] DataMem[fff0]=[0000000000000000,xxxxxxxxxxxxxxxx] C-R-Sw0-Dsp[0,0,0,1111110]
Instr[    4]=[111,000,0001,101,101] DataMem[0000]=[0000000000000000,0000000000000000] C-R-Sw0-Dsp[1,0,0,1111110]
Instr[    4]=[111,000,0001,101,101] DataMem[0000]=[0000000000000000,0000000000000000] C-R-Sw0-Dsp[0,0,0,1111110]
Instr[    6]=[101,000,0011,000,101] DataMem[0000]=[0000000000000000,0000000000000000] C-R-Sw0-Dsp[1,0,0,1111110]
Instr[    6]=[101,000,0011,000,101] DataMem[0000]=[0000000000000000,0000000000000000] C-R-Sw0-Dsp[0,0,0,1111110]
Instr[   12]=[110,111,1110,111,100] DataMem[fffe]=[0000000000000000,0000000000000000] C-R-Sw0-Dsp[1,0,0,1111110]
Instr[   12]=[110,111,1110,111,100] DataMem[fffe]=[0000000000000000,0000000000000000] C-R-Sw0-Dsp[0,0,0,1111110]
Instr[   14]=[100,000,1010,011,100] DataMem[fffa]=[0000000000000000,1111111111111110] C-R-Sw0-Dsp[1,0,0,1111110]
Instr[   14]=[100,000,1010,011,100] DataMem[fffa]=[0000000000000000,1111111111111110] C-R-Sw0-Dsp[0,0,0,1111110]
Instr[   16]=[101,111,1000,000,111] DataMem[0000]=[0000000000000000,0000000000000000] C-R-Sw0-Dsp[1,0,0,1111110]
Instr[   16]=[101,111,1000,000,111] DataMem[0000]=[0000000000000000,0000000000000000] C-R-Sw0-Dsp[0,0,0,1111110]
Instr[    0]=[110,111,0000,111,011] DataMem[fff0]=[0000000000000000,0000000000000000] C-R-Sw0-Dsp[1,0,0,1111110]
Instr[    0]=[110,111,0000,111,011] DataMem[fff0]=[0000000000000000,0000000000000000] C-R-Sw0-Dsp[0,0,0,1111110]
Instr[    2]=[011,000,0000,011,101] DataMem[fff0]=[0000000000000000,xxxxxxxxxxxxxxxx] C-R-Sw0-Dsp[1,0,0,1111110]
Instr[    2]=[011,000,0000,011,101] DataMem[fff0]=[0000000000000000,xxxxxxxxxxxxxxxx] C-R-Sw0-Dsp[0,0,0,1111110]
Instr[    4]=[111,000,0001,101,101] DataMem[0000]=[0000000000000000,0000000000000000] C-R-Sw0-Dsp[1,0,0,1111110]
Instr[    4]=[111,000,0001,101,101] DataMem[0000]=[0000000000000000,0000000000000000] C-R-Sw0-Dsp[0,0,0,1111110]
Instr[    6]=[101,000,0011,000,101] DataMem[0000]=[0000000000000000,0000000000000000] C-R-Sw0-Dsp[1,0,0,1111110]
Instr[    6]=[101,000,0011,000,101] DataMem[0000]=[0000000000000000,0000000000000000] C-R-Sw0-Dsp[0,0,0,1111110]
Instr[   12]=[110,111,1110,111,100] DataMem[fffe]=[0000000000000000,0000000000000000] C-R-Sw0-Dsp[1,0,0,1111110]
Instr[   12]=[110,111,1110,111,100] DataMem[fffe]=[0000000000000000,0000000000000000] C-R-Sw0-Dsp[0,0,0,1111110]
Instr[   14]=[100,000,1010,011,100] DataMem[fffa]=[0000000000000000,1111111111111110] C-R-Sw0-Dsp[1,0,0,1111110]
Instr[   14]=[100,000,1010,011,100] DataMem[fffa]=[0000000000000000,1111111111111110] C-R-Sw0-Dsp[0,0,0,1111110]
Instr[   16]=[101,111,1000,000,111] DataMem[0000]=[0000000000000000,0000000000000000] C-R-Sw0-Dsp[1,0,0,1111110]
Instr[   16]=[101,111,1000,000,111] DataMem[0000]=[0000000000000000,0000000000000000] C-R-Sw0-Dsp[0,0,0,1111110]
Instr[    0]=[110,111,0000,111,011] DataMem[fff0]=[0000000000000000,0000000000000000] C-R-Sw0-Dsp[1,0,0,1111110]
Instr[    0]=[110,111,0000,111,011] DataMem[fff0]=[0000000000000000,0000000000000000] C-R-Sw0-Dsp[0,0,0,1111110]
Instr[    2]=[011,000,0000,011,101] DataMem[fff0]=[0000000000000000,xxxxxxxxxxxxxxxx] C-R-Sw0-Dsp[1,0,0,1111110]
Instr[    2]=[011,000,0000,011,101] DataMem[fff0]=[0000000000000000,xxxxxxxxxxxxxxxx] C-R-Sw0-Dsp[0,0,0,1111110]
Instr[    4]=[111,000,0001,101,101] DataMem[0000]=[0000000000000000,0000000000000000] C-R-Sw0-Dsp[1,0,0,1111110]
Instr[    4]=[111,000,0001,101,101] DataMem[0000]=[0000000000000000,0000000000000000] C-R-Sw0-Dsp[0,0,0,1111110]
Instr[    6]=[101,000,0011,000,101] DataMem[0000]=[0000000000000000,0000000000000000] C-R-Sw0-Dsp[1,0,0,1111110]
Instr[    6]=[101,000,0011,000,101] DataMem[0000]=[0000000000000000,0000000000000000] C-R-Sw0-Dsp[0,0,0,1111110]
Instr[   12]=[110,111,1110,111,100] DataMem[fffe]=[0000000000000000,0000000000000000] C-R-Sw0-Dsp[1,0,0,1111110]
Instr[   12]=[110,111,1110,111,100] DataMem[fffe]=[0000000000000000,0000000000000000] C-R-Sw0-Dsp[0,0,0,1111110]
Instr[   14]=[100,000,1010,011,100] DataMem[fffa]=[0000000000000000,1111111111111110] C-R-Sw0-Dsp[1,0,0,1111110]
Exiting Veriwell at time 104
0 Errors, 0 Warnings, Compile time = 0.0, Load time = 0.0, Simulation time = 0.0

Normal exit
Thank you for using Veriwell
